<?xml version="1.0" encoding="UTF-8"?>
<!-- Generated by org.testng.reporters.JUnitReportReporter -->
<testsuite hostname="ABHI" failures="0" tests="5" name="com.sa.tests.exceptions.ExceptionTests" time="33.339" errors="0" timestamp="2025-08-21T21:53:54 IST" skipped="0">
  <testcase classname="com.sa.tests.exceptions.ExceptionTests" name="elementNotInteractableException" time="8.858"/>
  <testcase classname="com.sa.tests.exceptions.ExceptionTests" name="invalidElementStateExceptionTest" time="3.781"/>
  <testcase classname="com.sa.tests.exceptions.ExceptionTests" name="staleElementReferenceExceptionTest" time="3.568"/>
  <testcase classname="com.sa.tests.exceptions.ExceptionTests" name="noSuchElementExceptionTest" time="8.595"/>
  <testcase classname="com.sa.tests.exceptions.ExceptionTests" name="timeoutExceptionTest" time="8.537"/>
</testsuite> <!-- com.sa.tests.exceptions.ExceptionTests -->
