<?xml version="1.0" encoding="UTF-8"?>
<!-- Generated by org.testng.reporters.JUnitReportReporter -->
<testsuite hostname="ABHI" failures="0" tests="4" name="com.sa.tests.login.LoginTests" time="39.107" errors="0" timestamp="2025-08-21T21:53:54 IST" skipped="0">
  <testcase classname="com.sa.tests.login.LoginTests" name="testLoginFunctionality" time="4.584"/>
  <testcase classname="com.sa.tests.login.LoginTests" name="negativeLoginTest" time="3.451"/>
  <testcase classname="com.sa.tests.login.LoginTests" name="negativeLoginTest" time="3.715"/>
  <testcase classname="com.sa.tests.login.LoginTests" name="testLoginFunctionality" time="27.357"/>
</testsuite> <!-- com.sa.tests.login.LoginTests -->
