<?xml version="1.0" encoding="UTF-8"?>
<!-- Generated by org.testng.reporters.JUnitReportReporter -->
<testsuite hostname="ABHI" failures="0" tests="5" name="com.sa.tests.exceptions.ExceptionTests" time="32.801" errors="0" timestamp="2025-08-21T21:59:37 IST" skipped="0">
  <testcase classname="com.sa.tests.exceptions.ExceptionTests" name="invalidElementStateExceptionTest" time="4.028"/>
  <testcase classname="com.sa.tests.exceptions.ExceptionTests" name="staleElementReferenceExceptionTest" time="3.265"/>
  <testcase classname="com.sa.tests.exceptions.ExceptionTests" name="timeoutExceptionTest" time="8.267"/>
  <testcase classname="com.sa.tests.exceptions.ExceptionTests" name="elementNotInteractableException" time="8.547"/>
  <testcase classname="com.sa.tests.exceptions.ExceptionTests" name="noSuchElementExceptionTest" time="8.694"/>
</testsuite> <!-- com.sa.tests.exceptions.ExceptionTests -->
