<?xml version="1.0" encoding="UTF-8"?>
<!-- Generated by org.testng.reporters.JUnitReportReporter -->
<testsuite hostname="ABHI" failures="0" tests="4" name="com.sa.tests.login.LoginTests" time="15.941" errors="0" timestamp="2025-08-21T21:59:37 IST" skipped="0">
  <testcase classname="com.sa.tests.login.LoginTests" name="testLoginFunctionality" time="4.917"/>
  <testcase classname="com.sa.tests.login.LoginTests" name="testLoginFunctionality" time="3.728"/>
  <testcase classname="com.sa.tests.login.LoginTests" name="negativeLoginTest" time="3.901"/>
  <testcase classname="com.sa.tests.login.LoginTests" name="negativeLoginTest" time="3.395"/>
</testsuite> <!-- com.sa.tests.login.LoginTests -->
